::1 - - [02/Feb/2023:15:45:29 +0000] "POST /api/auth/register HTTP/1.1" 500 103
::1 - - [02/Feb/2023:15:48:55 +0000] "POST /api/auth/register HTTP/1.1" 500 103
::1 - - [02/Feb/2023:15:57:33 +0000] "POST /api/auth/verify-email HTTP/1.1" 500 74
::1 - - [02/Feb/2023:16:06:43 +0000] "POST /api/auth/register HTTP/1.1" 500 103
::1 - - [02/Feb/2023:16:07:59 +0000] "POST /api/auth/register HTTP/1.1" 500 74
::1 - - [03/Feb/2023:11:42:56 +0000] "GET /api/nft/fetch-nft/63dc04dd701c57fe46ed2051 HTTP/1.1" 500 74
::1 - - [03/Feb/2023:11:42:56 +0000] "GET /api/nft/fetch-nft/63dc04dd701c57fe46ed2051 HTTP/1.1" 500 74
::1 - - [04/Feb/2023:16:27:14 +0000] "POST /api/nft/add-comment HTTP/1.1" 500 74
::1 - - [07/Feb/2023:10:35:07 +0000] "POST /api/user/follow HTTP/1.1" 500 74
::1 - - [07/Feb/2023:11:07:19 +0000] "GET /api/user/notifications/undefined HTTP/1.1" 500 74
::1 - - [07/Feb/2023:11:07:24 +0000] "GET /api/user/notifications/undefined HTTP/1.1" 500 74
::1 - - [07/Feb/2023:11:09:36 +0000] "GET /api/user/notifications/undefined HTTP/1.1" 500 74
::1 - - [07/Feb/2023:11:11:36 +0000] "GET /api/user/notifications/undefined HTTP/1.1" 500 74
::1 - - [07/Feb/2023:11:36:33 +0000] "GET /api/user/notifications/undefined HTTP/1.1" 500 74
::1 - - [07/Feb/2023:12:12:47 +0000] "POST /api/user/edit-profile HTTP/1.1" 500 74
::1 - - [07/Feb/2023:12:15:56 +0000] "POST /api/user/edit-profile HTTP/1.1" 500 74
::1 - - [07/Feb/2023:12:35:48 +0000] "GET /api/user/notifications/undefined HTTP/1.1" 500 74
::1 - - [07/Feb/2023:12:48:41 +0000] "GET /api/user/notifications/undefined HTTP/1.1" 500 74
::1 - - [07/Feb/2023:12:52:01 +0000] "GET /api/user/notifications/undefined HTTP/1.1" 500 74
::1 - - [07/Feb/2023:12:52:22 +0000] "GET /api/user/notifications/undefined HTTP/1.1" 500 74
::1 - - [07/Feb/2023:13:01:25 +0000] "GET /api/user/notifications/undefined HTTP/1.1" 500 74
::1 - - [07/Feb/2023:13:05:13 +0000] "GET /api/user/notifications/undefined HTTP/1.1" 500 74
::1 - - [07/Feb/2023:13:08:16 +0000] "GET /api/user/notifications/undefined HTTP/1.1" 500 74
::1 - - [07/Feb/2023:13:16:33 +0000] "GET /api/user/notifications/undefined HTTP/1.1" 500 74
::1 - - [07/Feb/2023:13:17:08 +0000] "GET /api/user/notifications/undefined HTTP/1.1" 500 74
::1 - - [07/Feb/2023:13:24:13 +0000] "GET /api/user/notifications/undefined HTTP/1.1" 500 74
::1 - - [07/Feb/2023:13:25:03 +0000] "GET /api/user/notifications/undefined HTTP/1.1" 500 74
::1 - - [07/Feb/2023:13:33:59 +0000] "GET /api/user/notifications/undefined HTTP/1.1" 500 74
::1 - - [07/Feb/2023:18:04:37 +0000] "GET /api/user/notifications/undefined HTTP/1.1" 500 74
::1 - - [07/Feb/2023:18:08:37 +0000] "GET /api/user/notifications/undefined HTTP/1.1" 500 74
::1 - - [07/Feb/2023:18:10:01 +0000] "GET /api/user/notifications/undefined HTTP/1.1" 500 74
::1 - - [07/Feb/2023:18:10:21 +0000] "GET /api/user/notifications/undefined HTTP/1.1" 500 74
::1 - - [07/Feb/2023:18:10:34 +0000] "GET /api/user/notifications/undefined HTTP/1.1" 500 74
::1 - - [07/Feb/2023:18:10:44 +0000] "GET /api/user/notifications/undefined HTTP/1.1" 500 74
::1 - - [07/Feb/2023:18:11:20 +0000] "GET /api/user/notifications/undefined HTTP/1.1" 500 74
::1 - - [07/Feb/2023:18:11:33 +0000] "GET /api/user/notifications/undefined HTTP/1.1" 500 74
::1 - - [07/Feb/2023:18:11:45 +0000] "GET /api/user/notifications/undefined HTTP/1.1" 500 74
::1 - - [07/Feb/2023:18:12:01 +0000] "GET /api/user/notifications/undefined HTTP/1.1" 500 74
::1 - - [07/Feb/2023:18:12:07 +0000] "GET /api/user/notifications/undefined HTTP/1.1" 500 74
::1 - - [07/Feb/2023:18:12:38 +0000] "GET /api/user/notifications/undefined HTTP/1.1" 500 74
::1 - - [07/Feb/2023:18:12:58 +0000] "GET /api/user/notifications/undefined HTTP/1.1" 500 74
::1 - - [07/Feb/2023:18:13:05 +0000] "GET /api/user/notifications/undefined HTTP/1.1" 500 74
::1 - - [07/Feb/2023:18:13:16 +0000] "GET /api/user/notifications/undefined HTTP/1.1" 500 74
::1 - - [07/Feb/2023:18:13:58 +0000] "GET /api/user/notifications/undefined HTTP/1.1" 500 74
::1 - - [07/Feb/2023:18:16:39 +0000] "GET /api/user/notifications/undefined HTTP/1.1" 500 74
::1 - - [07/Feb/2023:18:16:53 +0000] "GET /api/user/notifications/undefined HTTP/1.1" 500 74
::1 - - [07/Feb/2023:18:17:15 +0000] "GET /api/user/notifications/undefined HTTP/1.1" 500 74
::1 - - [07/Feb/2023:18:17:26 +0000] "GET /api/user/notifications/undefined HTTP/1.1" 500 74
::1 - - [07/Feb/2023:18:17:45 +0000] "GET /api/user/notifications/undefined HTTP/1.1" 500 74
::1 - - [07/Feb/2023:18:17:58 +0000] "GET /api/user/notifications/undefined HTTP/1.1" 500 74
::1 - - [07/Feb/2023:18:18:30 +0000] "GET /api/user/notifications/undefined HTTP/1.1" 500 74
::1 - - [07/Feb/2023:18:19:00 +0000] "GET /api/user/notifications/undefined HTTP/1.1" 500 74
::1 - - [07/Feb/2023:18:19:43 +0000] "GET /api/user/notifications/undefined HTTP/1.1" 500 74
::1 - - [07/Feb/2023:18:20:04 +0000] "GET /api/user/notifications/undefined HTTP/1.1" 500 74
::1 - - [07/Feb/2023:18:21:18 +0000] "GET /api/user/notifications/undefined HTTP/1.1" 500 74
::1 - - [07/Feb/2023:18:21:22 +0000] "GET /api/user/notifications/undefined HTTP/1.1" 500 74
::1 - - [07/Feb/2023:18:21:42 +0000] "GET /api/user/notifications/undefined HTTP/1.1" 500 74
::1 - - [07/Feb/2023:18:21:45 +0000] "GET /api/user/notifications/undefined HTTP/1.1" 500 74
::1 - - [07/Feb/2023:18:22:02 +0000] "GET /api/user/notifications/undefined HTTP/1.1" 500 74
::1 - - [07/Feb/2023:18:22:19 +0000] "GET /api/user/notifications/undefined HTTP/1.1" 500 74
::1 - - [07/Feb/2023:18:22:30 +0000] "GET /api/user/notifications/undefined HTTP/1.1" 500 74
::1 - - [07/Feb/2023:18:22:41 +0000] "GET /api/user/notifications/undefined HTTP/1.1" 500 74
::1 - - [07/Feb/2023:18:23:00 +0000] "GET /api/user/notifications/undefined HTTP/1.1" 500 74
::1 - - [07/Feb/2023:18:23:07 +0000] "GET /api/user/notifications/undefined HTTP/1.1" 500 74
::1 - - [07/Feb/2023:18:23:23 +0000] "GET /api/user/notifications/undefined HTTP/1.1" 500 74
::1 - - [07/Feb/2023:18:23:34 +0000] "GET /api/user/notifications/undefined HTTP/1.1" 500 74
::1 - - [07/Feb/2023:18:23:53 +0000] "GET /api/user/notifications/undefined HTTP/1.1" 500 74
::1 - - [07/Feb/2023:18:24:07 +0000] "GET /api/user/notifications/undefined HTTP/1.1" 500 74
::1 - - [07/Feb/2023:18:24:56 +0000] "GET /api/user/notifications/undefined HTTP/1.1" 500 74
::1 - - [07/Feb/2023:18:25:09 +0000] "GET /api/user/notifications/undefined HTTP/1.1" 500 74
::1 - - [07/Feb/2023:18:25:16 +0000] "GET /api/user/notifications/undefined HTTP/1.1" 500 74
::1 - - [07/Feb/2023:18:25:23 +0000] "GET /api/user/notifications/undefined HTTP/1.1" 500 74
::1 - - [07/Feb/2023:18:25:34 +0000] "GET /api/user/notifications/undefined HTTP/1.1" 500 74
::1 - - [07/Feb/2023:18:25:48 +0000] "GET /api/user/notifications/undefined HTTP/1.1" 500 74
::1 - - [07/Feb/2023:18:25:55 +0000] "GET /api/user/notifications/undefined HTTP/1.1" 500 74
::1 - - [07/Feb/2023:18:30:28 +0000] "GET /api/user/notifications/undefined HTTP/1.1" 500 74
::1 - - [07/Feb/2023:18:30:51 +0000] "GET /api/user/notifications/undefined HTTP/1.1" 500 74
::1 - - [07/Feb/2023:18:31:04 +0000] "GET /api/user/notifications/undefined HTTP/1.1" 500 74
::1 - - [07/Feb/2023:18:32:22 +0000] "GET /api/user/notifications/undefined HTTP/1.1" 500 74
::1 - - [07/Feb/2023:18:32:43 +0000] "GET /api/user/notifications/undefined HTTP/1.1" 500 74
::1 - - [07/Feb/2023:18:33:01 +0000] "GET /api/user/notifications/undefined HTTP/1.1" 500 74
::1 - - [07/Feb/2023:18:34:28 +0000] "GET /api/user/notifications/undefined HTTP/1.1" 500 74
::1 - - [07/Feb/2023:18:34:30 +0000] "GET /api/user/notifications/undefined HTTP/1.1" 500 74
::1 - - [07/Feb/2023:18:35:00 +0000] "GET /api/user/notifications/undefined HTTP/1.1" 500 74
::1 - - [07/Feb/2023:18:35:02 +0000] "GET /api/user/notifications/undefined HTTP/1.1" 500 74
::1 - - [07/Feb/2023:18:35:18 +0000] "GET /api/user/notifications/undefined HTTP/1.1" 500 74
::1 - - [07/Feb/2023:18:35:26 +0000] "GET /api/user/notifications/undefined HTTP/1.1" 500 74
::1 - - [07/Feb/2023:18:35:42 +0000] "GET /api/user/notifications/undefined HTTP/1.1" 500 74
::1 - - [07/Feb/2023:18:36:01 +0000] "GET /api/user/notifications/undefined HTTP/1.1" 500 74
::1 - - [07/Feb/2023:18:37:26 +0000] "GET /api/user/notifications/undefined HTTP/1.1" 500 74
::1 - - [07/Feb/2023:18:38:42 +0000] "GET /api/user/notifications/undefined HTTP/1.1" 500 74
::1 - - [07/Feb/2023:18:39:02 +0000] "GET /api/user/notifications/undefined HTTP/1.1" 500 74
::1 - - [07/Feb/2023:18:39:38 +0000] "GET /api/user/notifications/undefined HTTP/1.1" 500 74
::1 - - [07/Feb/2023:18:39:50 +0000] "GET /api/user/notifications/undefined HTTP/1.1" 500 74
::1 - - [07/Feb/2023:18:40:32 +0000] "GET /api/user/notifications/undefined HTTP/1.1" 500 74
::1 - - [07/Feb/2023:18:40:50 +0000] "GET /api/user/notifications/undefined HTTP/1.1" 500 74
::1 - - [07/Feb/2023:18:41:17 +0000] "GET /api/user/notifications/undefined HTTP/1.1" 500 74
::1 - - [07/Feb/2023:18:41:23 +0000] "GET /api/user/notifications/undefined HTTP/1.1" 500 74
::1 - - [07/Feb/2023:18:41:25 +0000] "GET /api/user/notifications/undefined HTTP/1.1" 500 74
::1 - - [07/Feb/2023:18:41:50 +0000] "GET /api/user/notifications/undefined HTTP/1.1" 500 74
::1 - - [07/Feb/2023:18:42:05 +0000] "GET /api/user/notifications/undefined HTTP/1.1" 500 74
::1 - - [07/Feb/2023:18:42:22 +0000] "GET /api/user/notifications/undefined HTTP/1.1" 500 74
::1 - - [07/Feb/2023:18:43:29 +0000] "GET /api/user/notifications/undefined HTTP/1.1" 500 74
::1 - - [07/Feb/2023:18:43:47 +0000] "GET /api/user/notifications/undefined HTTP/1.1" 500 74
::1 - - [07/Feb/2023:18:43:56 +0000] "GET /api/user/notifications/undefined HTTP/1.1" 500 74
::1 - - [07/Feb/2023:18:44:03 +0000] "GET /api/user/notifications/undefined HTTP/1.1" 500 74
::1 - - [07/Feb/2023:18:44:16 +0000] "GET /api/user/notifications/undefined HTTP/1.1" 500 74
::1 - - [07/Feb/2023:18:44:23 +0000] "GET /api/user/notifications/undefined HTTP/1.1" 500 74
::1 - - [07/Feb/2023:18:44:42 +0000] "GET /api/user/notifications/undefined HTTP/1.1" 500 74
::1 - - [07/Feb/2023:18:45:23 +0000] "GET /api/user/notifications/undefined HTTP/1.1" 500 74
::1 - - [07/Feb/2023:18:45:36 +0000] "GET /api/user/notifications/undefined HTTP/1.1" 500 74
::1 - - [07/Feb/2023:18:45:57 +0000] "GET /api/user/notifications/undefined HTTP/1.1" 500 74
::1 - - [07/Feb/2023:18:46:11 +0000] "GET /api/user/notifications/undefined HTTP/1.1" 500 74
::1 - - [07/Feb/2023:18:46:23 +0000] "GET /api/user/notifications/undefined HTTP/1.1" 500 74
::1 - - [07/Feb/2023:18:48:59 +0000] "GET /api/user/notifications/undefined HTTP/1.1" 500 74
::1 - - [07/Feb/2023:18:49:03 +0000] "GET /api/user/notifications/undefined HTTP/1.1" 500 74
::1 - - [07/Feb/2023:18:49:12 +0000] "GET /api/user/notifications/undefined HTTP/1.1" 500 74
::1 - - [07/Feb/2023:18:49:18 +0000] "GET /api/user/notifications/undefined HTTP/1.1" 500 74
::1 - - [07/Feb/2023:18:50:37 +0000] "GET /api/user/notifications/undefined HTTP/1.1" 500 74
::1 - - [07/Feb/2023:18:51:03 +0000] "GET /api/user/notifications/undefined HTTP/1.1" 500 74
::1 - - [07/Feb/2023:18:51:26 +0000] "GET /api/user/notifications/undefined HTTP/1.1" 500 74
::1 - - [07/Feb/2023:18:51:54 +0000] "GET /api/user/notifications/undefined HTTP/1.1" 500 74
::1 - - [07/Feb/2023:18:52:33 +0000] "GET /api/user/notifications/undefined HTTP/1.1" 500 74
::1 - - [07/Feb/2023:18:52:59 +0000] "GET /api/user/notifications/undefined HTTP/1.1" 500 74
::1 - - [07/Feb/2023:18:53:05 +0000] "GET /api/user/notifications/undefined HTTP/1.1" 500 74
::1 - - [07/Feb/2023:18:53:19 +0000] "GET /api/user/notifications/undefined HTTP/1.1" 500 74
::1 - - [07/Feb/2023:18:53:29 +0000] "GET /api/user/notifications/undefined HTTP/1.1" 500 74
::1 - - [07/Feb/2023:18:53:40 +0000] "GET /api/user/notifications/undefined HTTP/1.1" 500 74
::1 - - [07/Feb/2023:18:53:56 +0000] "GET /api/user/notifications/undefined HTTP/1.1" 500 74
::1 - - [07/Feb/2023:18:54:23 +0000] "GET /api/user/notifications/undefined HTTP/1.1" 500 74
::1 - - [07/Feb/2023:18:54:40 +0000] "GET /api/user/notifications/undefined HTTP/1.1" 500 74
::1 - - [07/Feb/2023:18:55:12 +0000] "GET /api/user/notifications/undefined HTTP/1.1" 500 74
::1 - - [07/Feb/2023:18:56:10 +0000] "GET /api/user/notifications/undefined HTTP/1.1" 500 74
::1 - - [07/Feb/2023:18:56:25 +0000] "GET /api/user/notifications/undefined HTTP/1.1" 500 74
::1 - - [07/Feb/2023:18:56:36 +0000] "GET /api/user/notifications/undefined HTTP/1.1" 500 74
::1 - - [07/Feb/2023:18:56:43 +0000] "GET /api/user/notifications/undefined HTTP/1.1" 500 74
::1 - - [07/Feb/2023:18:56:52 +0000] "GET /api/user/notifications/undefined HTTP/1.1" 500 74
::1 - - [07/Feb/2023:18:57:00 +0000] "GET /api/user/notifications/undefined HTTP/1.1" 500 74
::1 - - [07/Feb/2023:18:59:47 +0000] "GET /api/user/notifications/undefined HTTP/1.1" 500 74
::1 - - [07/Feb/2023:19:00:19 +0000] "GET /api/user/notifications/undefined HTTP/1.1" 500 74
::1 - - [07/Feb/2023:19:52:58 +0000] "GET /api/user/notifications/undefined HTTP/1.1" 500 74
::1 - - [07/Feb/2023:19:53:22 +0000] "GET /api/user/notifications/undefined HTTP/1.1" 500 74
::1 - - [07/Feb/2023:19:53:58 +0000] "GET /api/user/notifications/undefined HTTP/1.1" 500 74
::ffff:127.0.0.1 - - [07/Feb/2023:19:56:18 +0000] "GET /api/user/notifications/undefined HTTP/1.1" 500 74
::1 - - [07/Feb/2023:19:56:51 +0000] "GET /api/user/notifications/undefined HTTP/1.1" 500 74
::1 - - [07/Feb/2023:19:57:38 +0000] "GET /api/user/notifications/undefined HTTP/1.1" 500 74
::1 - - [14/Feb/2023:13:51:04 +0000] "POST /api/nft/upload-nfts HTTP/1.1" 500 74
::1 - - [14/Feb/2023:13:52:31 +0000] "POST /api/nft/upload-nfts HTTP/1.1" 500 74
::1 - - [17/Feb/2023:17:38:15 +0000] "GET /api/collection/get-collection/buff_wild HTTP/1.1" 500 74
::1 - - [17/Feb/2023:17:59:58 +0000] "GET /api/collection/get-collection/buff_wild HTTP/1.1" 500 74
::1 - - [17/Feb/2023:18:00:41 +0000] "GET /api/collection/get-collection/buff_wild HTTP/1.1" 500 74
::1 - - [18/Feb/2023:06:17:53 +0000] "POST /api/collection/fetch-collection/buff_wild HTTP/1.1" 500 74
::1 - - [18/Feb/2023:06:18:41 +0000] "POST /api/collection/fetch-collection/buff_wild HTTP/1.1" 500 74
::1 - - [18/Feb/2023:06:56:42 +0000] "POST /api/collection/fetch-collection/buff_wild HTTP/1.1" 500 74
::1 - - [18/Feb/2023:07:12:43 +0000] "POST /api/collection/fetch-collection/buff_wild HTTP/1.1" 500 74
::1 - - [18/Feb/2023:19:03:22 +0000] "GET /api/user/profile/[object%20Object] HTTP/1.1" 500 74
::1 - - [19/Feb/2023:19:41:27 +0000] "GET /api/user/profile/[object%20Object] HTTP/1.1" 500 74
::1 - - [19/Feb/2023:19:43:57 +0000] "GET /api/user/profile/[object%20Object] HTTP/1.1" 500 74
::1 - - [19/Feb/2023:19:43:57 +0000] "GET /api/user/profile/[object%20Object] HTTP/1.1" 500 74
::1 - - [19/Feb/2023:19:44:45 +0000] "GET /api/user/profile/[object%20Object] HTTP/1.1" 500 74
::1 - - [19/Feb/2023:19:44:45 +0000] "GET /api/user/profile/[object%20Object] HTTP/1.1" 500 74
::1 - - [19/Feb/2023:19:45:06 +0000] "GET /api/user/profile/[object%20Object] HTTP/1.1" 500 74
::1 - - [19/Feb/2023:19:46:38 +0000] "GET /api/user/profile/[object%20Object] HTTP/1.1" 500 74
::1 - - [19/Feb/2023:20:45:35 +0000] "GET /api/user/profile/[object%20Object] HTTP/1.1" 500 74
::1 - - [20/Feb/2023:11:27:02 +0000] "GET /api/user/profile/[object%20Object] HTTP/1.1" 500 74
::1 - - [20/Feb/2023:11:31:52 +0000] "GET /api/user/profile/[object%20Object] HTTP/1.1" 500 74
::1 - - [20/Feb/2023:11:32:19 +0000] "GET /api/user/profile/[object%20Object] HTTP/1.1" 500 74
::1 - - [20/Feb/2023:12:12:29 +0000] "GET /api/user/profile/[object%20Object] HTTP/1.1" 500 74
::1 - - [20/Feb/2023:16:24:41 +0000] "GET /api/user/profile/63f27ad2ad25af68b9a1ba1e HTTP/1.1" 500 74
::1 - - [20/Feb/2023:16:24:42 +0000] "GET /api/user/profile/63f27ad2ad25af68b9a1ba1e HTTP/1.1" 500 74
::1 - - [22/Feb/2023:06:40:43 +0000] "GET /api/user/profile/63f27ad2ad25af68b9a1ba1e HTTP/1.1" 500 74
::1 - - [22/Feb/2023:06:40:48 +0000] "GET /api/user/profile/63f27ad2ad25af68b9a1ba1e HTTP/1.1" 500 74
::1 - - [22/Feb/2023:06:44:12 +0000] "GET /api/user/profile/63f27ad2ad25af68b9a1ba1e HTTP/1.1" 500 74
::1 - - [22/Feb/2023:07:03:59 +0000] "GET /api/user/profile/63f27ad2ad25af68b9a1ba1e HTTP/1.1" 500 74
::1 - - [22/Feb/2023:09:09:56 +0000] "GET /api/user/profile/undefined HTTP/1.1" 500 74
::1 - - [22/Feb/2023:09:09:56 +0000] "GET /api/user/notifications/undefined HTTP/1.1" 500 74
::1 - - [22/Feb/2023:09:09:58 +0000] "GET /api/user/profile/undefined HTTP/1.1" 500 74
::1 - - [22/Feb/2023:09:09:58 +0000] "GET /api/user/notifications/undefined HTTP/1.1" 500 74
::1 - - [22/Feb/2023:09:10:59 +0000] "GET /api/user/profile/undefined HTTP/1.1" 500 74
::1 - - [22/Feb/2023:09:10:59 +0000] "GET /api/user/notifications/undefined HTTP/1.1" 500 74
::1 - - [22/Feb/2023:09:12:52 +0000] "GET /api/user/profile/undefined HTTP/1.1" 500 74
::1 - - [22/Feb/2023:09:12:52 +0000] "GET /api/user/notifications/undefined HTTP/1.1" 500 74
::1 - - [22/Feb/2023:14:36:25 +0000] "GET /api/user/profile/[object%20Object] HTTP/1.1" 500 74
::1 - - [22/Feb/2023:15:48:48 +0000] "POST /api/collection/fetch-collection/buff_wild HTTP/1.1" 500 74
::1 - - [22/Feb/2023:17:41:47 +0000] "GET /api/user/profile/[object%20Object] HTTP/1.1" 500 74
::1 - - [23/Feb/2023:21:19:56 +0000] "GET /api/user/profile/[object%20Object] HTTP/1.1" 500 74
::1 - - [23/Feb/2023:21:21:43 +0000] "GET /api/user/profile/[object%20Object] HTTP/1.1" 500 74
::1 - - [23/Feb/2023:21:22:16 +0000] "GET /api/user/profile/[object%20Object] HTTP/1.1" 500 74
::1 - - [23/Feb/2023:21:23:27 +0000] "GET /api/user/profile/[object%20Object] HTTP/1.1" 500 74
::1 - - [23/Feb/2023:21:25:14 +0000] "GET /api/user/profile/[object%20Object] HTTP/1.1" 500 74
::1 - - [23/Feb/2023:21:35:15 +0000] "GET /api/user/profile/[object%20Object] HTTP/1.1" 500 74
::1 - - [23/Feb/2023:21:44:47 +0000] "GET /api/user/profile/[object%20Object] HTTP/1.1" 500 74
::1 - - [23/Feb/2023:21:44:59 +0000] "GET /api/user/profile/[object%20Object] HTTP/1.1" 500 74
::1 - - [25/Feb/2023:11:16:18 +0000] "GET /api/user/profile/undefined HTTP/1.1" 500 74
::1 - - [25/Feb/2023:11:16:19 +0000] "GET /api/user/profile/undefined HTTP/1.1" 500 74
::1 - - [25/Feb/2023:11:16:52 +0000] "GET /api/user/profile/undefined HTTP/1.1" 500 74
::1 - - [25/Feb/2023:11:16:52 +0000] "GET /api/user/profile/undefined HTTP/1.1" 500 74
::ffff:127.0.0.1 - - [27/Feb/2023:09:50:36 +0000] "POST /api/collection/fetch-collection/buff_wild?page=1&limit=12 HTTP/1.1" 500 74
::1 - - [27/Feb/2023:09:50:37 +0000] "POST /api/collection/fetch-collection/buff_wild HTTP/1.1" 500 74
::1 - - [27/Feb/2023:09:50:38 +0000] "POST /api/collection/fetch-collection/buff_wild HTTP/1.1" 500 74
::1 - - [27/Feb/2023:09:54:21 +0000] "POST /api/collection/fetch-collection/buff_wild HTTP/1.1" 500 74
::1 - - [27/Feb/2023:09:57:38 +0000] "POST /api/collection/fetch-collection/buff_wild HTTP/1.1" 500 74
::1 - - [27/Feb/2023:09:57:45 +0000] "POST /api/collection/fetch-collection/buff_wild HTTP/1.1" 500 74
::1 - - [27/Feb/2023:09:58:31 +0000] "POST /api/collection/fetch-collection/buff_wild HTTP/1.1" 500 74
::1 - - [27/Feb/2023:09:58:31 +0000] "POST /api/collection/fetch-collection/buff_wild HTTP/1.1" 500 74
::1 - - [27/Feb/2023:09:58:31 +0000] "POST /api/collection/fetch-collection/buff_wild HTTP/1.1" 500 74
::1 - - [27/Feb/2023:09:58:51 +0000] "POST /api/collection/fetch-collection/buff_wild?page=1&limit=12 HTTP/1.1" 500 74
::1 - - [27/Feb/2023:09:59:10 +0000] "POST /api/collection/fetch-collection/buff_wild?page=1&limit=12 HTTP/1.1" 500 74
::1 - - [27/Feb/2023:10:01:30 +0000] "POST /api/collection/fetch-collection/buff_wild?page=1&limit=12 HTTP/1.1" 500 74
::1 - - [27/Feb/2023:10:12:31 +0000] "POST /api/collection/fetch-collection/buff_wild HTTP/1.1" 500 74
::ffff:127.0.0.1 - - [27/Feb/2023:10:18:17 +0000] "POST /api/collection/fetch-collection/buff_wild?page=1&limit=12 HTTP/1.1" 500 74
::1 - - [27/Feb/2023:10:23:39 +0000] "POST /api/collection/fetch-collection/buff_wild?page=1&limit=12 HTTP/1.1" 500 74
::1 - - [27/Feb/2023:10:24:03 +0000] "POST /api/collection/fetch-collection/buff_wild?page=1&limit=12 HTTP/1.1" 500 74
::1 - - [27/Feb/2023:11:27:07 +0000] "POST /api/collection/fetch-collection/buff_wild?page=1&limit=12 HTTP/1.1" 500 74
::1 - - [27/Feb/2023:11:33:36 +0000] "POST /api/collection/fetch-collection/buff_wild?page=1&limit=12 HTTP/1.1" 500 74
::1 - - [27/Feb/2023:11:37:49 +0000] "POST /api/collection/fetch-collection/buff_wild?page=1&limit=12 HTTP/1.1" 500 74
::1 - - [27/Feb/2023:11:37:57 +0000] "POST /api/collection/fetch-collection/buff_wild?page=1&limit=12 HTTP/1.1" 500 74
::1 - - [27/Feb/2023:11:39:46 +0000] "POST /api/collection/fetch-collection/buff_wild?page=1&limit=12 HTTP/1.1" 500 74
::1 - - [27/Feb/2023:11:39:56 +0000] "POST /api/collection/fetch-collection/buff_wild?page=1&limit=12 HTTP/1.1" 500 74
::1 - - [27/Feb/2023:11:40:24 +0000] "POST /api/collection/fetch-collection/buff_wild?page=1&limit=12 HTTP/1.1" 500 74
::1 - - [27/Feb/2023:11:40:33 +0000] "POST /api/collection/fetch-collection/buff_wild?page=1&limit=12 HTTP/1.1" 500 74
::1 - - [27/Feb/2023:11:41:53 +0000] "POST /api/collection/fetch-collection/buff_wild?page=1&limit=12 HTTP/1.1" 500 74
::1 - - [27/Feb/2023:11:43:10 +0000] "POST /api/collection/fetch-collection/buff_wild?page=1&limit=12 HTTP/1.1" 500 74
::1 - - [27/Feb/2023:11:46:50 +0000] "POST /api/collection/fetch-collection/buff_wild?page=1&limit=12 HTTP/1.1" 500 74
::1 - - [27/Feb/2023:11:47:07 +0000] "POST /api/collection/fetch-collection/buff_wild?page=1&limit=12 HTTP/1.1" 500 74
::1 - - [27/Feb/2023:11:47:39 +0000] "POST /api/collection/fetch-collection/buff_wild HTTP/1.1" 500 74
::1 - - [27/Feb/2023:11:48:34 +0000] "POST /api/collection/fetch-collection/buff_wild HTTP/1.1" 500 74
::1 - - [27/Feb/2023:11:49:04 +0000] "POST /api/collection/fetch-collection/buff_wild HTTP/1.1" 500 74
::1 - - [27/Feb/2023:11:53:29 +0000] "POST /api/collection/fetch-collection/buff_wild?page=1&limit=12 HTTP/1.1" 500 74
::1 - - [27/Feb/2023:15:11:59 +0000] "POST /api/auth/user-object HTTP/1.1" 500 74
::1 - - [27/Feb/2023:15:15:18 +0000] "POST /api/collection/fetch-collection/buff_wild HTTP/1.1" 500 74
::1 - - [27/Feb/2023:15:15:19 +0000] "POST /api/collection/fetch-collection/buff_wild HTTP/1.1" 500 74
::1 - - [27/Feb/2023:15:17:03 +0000] "POST /api/collection/fetch-collection/buff_wild?page=1&limit=12 HTTP/1.1" 500 74
::1 - - [27/Feb/2023:15:23:25 +0000] "POST /api/collection/fetch-collection/buff_wild HTTP/1.1" 500 74
::1 - - [27/Feb/2023:15:52:25 +0000] "POST /api/collection/fetch-collection/buff_wild?page=1&limit=12 HTTP/1.1" 500 74
::1 - - [27/Feb/2023:15:54:50 +0000] "POST /api/collection/fetch-collection/buff_wild?page=1&limit=12 HTTP/1.1" 500 74
::1 - - [27/Feb/2023:16:26:22 +0000] "GET /api/user/profile/undefined HTTP/1.1" 500 74
::1 - - [27/Feb/2023:16:26:22 +0000] "GET /api/user/profile/undefined HTTP/1.1" 500 74
::1 - - [28/Feb/2023:15:31:48 +0000] "GET /api/user/profile/undefined HTTP/1.1" 500 74
::1 - - [28/Feb/2023:15:31:48 +0000] "GET /api/user/profile/undefined HTTP/1.1" 500 74
::1 - - [02/Mar/2023:19:08:10 +0000] "POST /api/nft/upload-nfts HTTP/1.1" 500 74
::1 - - [02/Mar/2023:20:37:18 +0000] "POST /api/nft/upload-nfts HTTP/1.1" 500 74
::ffff:127.0.0.1 - - [06/Mar/2023:11:19:28 +0000] "POST /api/auth/login HTTP/1.1" 500 67
::1 - - [06/Mar/2023:11:30:37 +0000] "GET /api/user/notifications/63f358d60abbfee17618764a HTTP/1.1" 500 1632
::1 - - [07/Mar/2023:11:44:33 +0000] "POST /api/collection/create-collection HTTP/1.1" 500 74
::ffff:127.0.0.1 - - [08/Mar/2023:16:52:31 +0000] "GET /api/user/profile/undefined HTTP/1.1" 500 74
::ffff:127.0.0.1 - - [08/Mar/2023:16:52:32 +0000] "GET /api/user/profile/undefined HTTP/1.1" 500 74
::ffff:127.0.0.1 - - [08/Mar/2023:16:52:53 +0000] "GET /api/user/profile/undefined HTTP/1.1" 500 74
::ffff:127.0.0.1 - - [08/Mar/2023:16:52:53 +0000] "GET /api/user/profile/undefined HTTP/1.1" 500 74
::ffff:127.0.0.1 - - [08/Mar/2023:16:53:12 +0000] "GET /api/user/profile/undefined HTTP/1.1" 500 74
::ffff:127.0.0.1 - - [08/Mar/2023:16:55:53 +0000] "GET /api/user/profile/undefined HTTP/1.1" 500 74
::ffff:127.0.0.1 - - [08/Mar/2023:16:55:54 +0000] "GET /api/user/profile/undefined HTTP/1.1" 500 74
::1 - - [09/Mar/2023:00:59:46 +0000] "POST /api/auth/resend-verification-email HTTP/1.1" 500 103
::1 - - [09/Mar/2023:01:01:07 +0000] "POST /api/auth/resend-verification-email HTTP/1.1" 500 103
::1 - - [07/May/2023:20:03:10 +0000] "POST /api/nft/with-filters?page=undefined HTTP/1.1" 500 74
::1 - - [07/May/2023:20:03:10 +0000] "POST /api/nft/with-filters?page=undefined HTTP/1.1" 500 74
::1 - - [14/May/2023:13:04:41 +0000] "POST /api/user/follow-user HTTP/1.1" 500 74
::1 - - [14/May/2023:13:08:19 +0000] "POST /api/user/follow-user HTTP/1.1" 500 74
